<?xml version="1.0" encoding="UTF-8"?>
<testsuite xmlns:xsi="http://www.w3.org/2001/XMLSchema-instance" xsi:noNamespaceSchemaLocation="https://maven.apache.org/surefire/maven-surefire-plugin/xsd/surefire-test-report.xsd" name="com.app.testingexamples.AppTest" time="0.131" tests="1" errors="0" skipped="0" failures="0">
  <properties>
    <property name="sun.desktop" value="windows"/>
    <property name="awt.toolkit" value="sun.awt.windows.WToolkit"/>
    <property name="file.encoding.pkg" value="sun.io"/>
    <property name="java.specification.version" value="1.8"/>
    <property name="sun.cpu.isalist" value="amd64"/>
    <property name="sun.jnu.encoding" value="Cp1252"/>
    <property name="java.class.path" value="C:\Users\srsan\Documents\GitHub\MEANSTACK\junit\target\test-classes;C:\Users\srsan\Documents\GitHub\MEANSTACK\junit\target\classes;C:\Users\srsan\.m2\repository\org\junit\jupiter\junit-jupiter-engine\5.0.0-M4\junit-jupiter-engine-5.0.0-M4.jar;C:\Users\srsan\.m2\repository\org\junit\platform\junit-platform-engine\1.0.0-M4\junit-platform-engine-1.0.0-M4.jar;C:\Users\srsan\.m2\repository\org\junit\platform\junit-platform-commons\1.0.0-M4\junit-platform-commons-1.0.0-M4.jar;C:\Users\srsan\.m2\repository\org\opentest4j\opentest4j\1.0.0-M2\opentest4j-1.0.0-M2.jar;C:\Users\srsan\.m2\repository\org\junit\jupiter\junit-jupiter-api\5.0.0-M4\junit-jupiter-api-5.0.0-M4.jar;C:\Users\srsan\.m2\repository\org\junit\platform\junit-platform-runner\1.0.0-M4\junit-platform-runner-1.0.0-M4.jar;C:\Users\srsan\.m2\repository\org\junit\platform\junit-platform-launcher\1.0.0-M4\junit-platform-launcher-1.0.0-M4.jar;C:\Users\srsan\.m2\repository\org\junit\platform\junit-platform-suite-api\1.0.0-M4\junit-platform-suite-api-1.0.0-M4.jar;C:\Users\srsan\.m2\repository\junit\junit\4.12\junit-4.12.jar;C:\Users\srsan\.m2\repository\org\hamcrest\hamcrest-core\1.3\hamcrest-core-1.3.jar;"/>
    <property name="java.vm.vendor" value="Oracle Corporation"/>
    <property name="sun.arch.data.model" value="64"/>
    <property name="user.variant" value=""/>
    <property name="java.vendor.url" value="http://java.oracle.com/"/>
    <property name="user.timezone" value=""/>
    <property name="java.vm.specification.version" value="1.8"/>
    <property name="os.name" value="Windows 10"/>
    <property name="user.country" value="IN"/>
    <property name="sun.java.launcher" value="SUN_STANDARD"/>
    <property name="sun.boot.library.path" value="C:\swdtools\jdk8\jre\bin"/>
    <property name="sun.java.command" value="C:\Users\srsan\AppData\Local\Temp\surefire8309452952482976338\surefirebooter3338813054604246217.jar C:\Users\srsan\AppData\Local\Temp\surefire8309452952482976338 2018-06-17T15-11-55_669-jvmRun1 surefire8408570599956630094tmp surefire_06779897239911130581tmp"/>
    <property name="surefire.test.class.path" value="C:\Users\srsan\Documents\GitHub\MEANSTACK\junit\target\test-classes;C:\Users\srsan\Documents\GitHub\MEANSTACK\junit\target\classes;C:\Users\srsan\.m2\repository\org\junit\jupiter\junit-jupiter-engine\5.0.0-M4\junit-jupiter-engine-5.0.0-M4.jar;C:\Users\srsan\.m2\repository\org\junit\platform\junit-platform-engine\1.0.0-M4\junit-platform-engine-1.0.0-M4.jar;C:\Users\srsan\.m2\repository\org\junit\platform\junit-platform-commons\1.0.0-M4\junit-platform-commons-1.0.0-M4.jar;C:\Users\srsan\.m2\repository\org\opentest4j\opentest4j\1.0.0-M2\opentest4j-1.0.0-M2.jar;C:\Users\srsan\.m2\repository\org\junit\jupiter\junit-jupiter-api\5.0.0-M4\junit-jupiter-api-5.0.0-M4.jar;C:\Users\srsan\.m2\repository\org\junit\platform\junit-platform-runner\1.0.0-M4\junit-platform-runner-1.0.0-M4.jar;C:\Users\srsan\.m2\repository\org\junit\platform\junit-platform-launcher\1.0.0-M4\junit-platform-launcher-1.0.0-M4.jar;C:\Users\srsan\.m2\repository\org\junit\platform\junit-platform-suite-api\1.0.0-M4\junit-platform-suite-api-1.0.0-M4.jar;C:\Users\srsan\.m2\repository\junit\junit\4.12\junit-4.12.jar;C:\Users\srsan\.m2\repository\org\hamcrest\hamcrest-core\1.3\hamcrest-core-1.3.jar;"/>
    <property name="sun.cpu.endian" value="little"/>
    <property name="user.home" value="C:\Users\srsan"/>
    <property name="user.language" value="en"/>
    <property name="java.specification.vendor" value="Oracle Corporation"/>
    <property name="java.home" value="C:\swdtools\jdk8\jre"/>
    <property name="basedir" value="C:\Users\srsan\Documents\GitHub\MEANSTACK\junit"/>
    <property name="file.separator" value="\"/>
    <property name="line.separator" value="&#10;"/>
    <property name="java.vm.specification.vendor" value="Oracle Corporation"/>
    <property name="java.specification.name" value="Java Platform API Specification"/>
    <property name="java.awt.graphicsenv" value="sun.awt.Win32GraphicsEnvironment"/>
    <property name="surefire.real.class.path" value="C:\Users\srsan\AppData\Local\Temp\surefire8309452952482976338\surefirebooter3338813054604246217.jar"/>
    <property name="sun.boot.class.path" value="C:\swdtools\jdk8\jre\lib\resources.jar;C:\swdtools\jdk8\jre\lib\rt.jar;C:\swdtools\jdk8\jre\lib\sunrsasign.jar;C:\swdtools\jdk8\jre\lib\jsse.jar;C:\swdtools\jdk8\jre\lib\jce.jar;C:\swdtools\jdk8\jre\lib\charsets.jar;C:\swdtools\jdk8\jre\lib\jfr.jar;C:\swdtools\jdk8\jre\classes"/>
    <property name="user.script" value=""/>
    <property name="sun.management.compiler" value="HotSpot 64-Bit Tiered Compilers"/>
    <property name="java.runtime.version" value="1.8.0_162-b12"/>
    <property name="user.name" value="srsan"/>
    <property name="path.separator" value=";"/>
    <property name="os.version" value="10.0"/>
    <property name="java.endorsed.dirs" value="C:\swdtools\jdk8\jre\lib\endorsed"/>
    <property name="java.runtime.name" value="Java(TM) SE Runtime Environment"/>
    <property name="file.encoding" value="Cp1252"/>
    <property name="java.vm.name" value="Java HotSpot(TM) 64-Bit Server VM"/>
    <property name="localRepository" value="C:\Users\srsan\.m2\repository"/>
    <property name="java.vendor.url.bug" value="http://bugreport.sun.com/bugreport/"/>
    <property name="java.io.tmpdir" value="C:\Users\srsan\AppData\Local\Temp\"/>
    <property name="java.version" value="1.8.0_162"/>
    <property name="user.dir" value="C:\Users\srsan\Documents\GitHub\MEANSTACK\junit"/>
    <property name="os.arch" value="amd64"/>
    <property name="java.vm.specification.name" value="Java Virtual Machine Specification"/>
    <property name="java.awt.printerjob" value="sun.awt.windows.WPrinterJob"/>
    <property name="sun.os.patch.level" value=""/>
    <property name="java.library.path" value="C:\swdtools\jdk8\jre\bin;C:\WINDOWS\Sun\Java\bin;C:\WINDOWS\system32;C:\WINDOWS;C:\WINDOWS\system32;C:\WINDOWS;C:\WINDOWS\System32\Wbem;C:\WINDOWS\System32\WindowsPowerShell\v1.0\;C:\Users\srsan\AppData\Roaming\nvm;C:\Program Files\nodejs;C:\Program Files\Git\cmd;C:\Program Files\TortoiseGit\bin;C:\WINDOWS\System32\OpenSSH\;C:\swdtools\gradle-4.8\bin;C:\Program Files\Microsoft VS Code\bin;C:\Users\srsan\AppData\Roaming\nvm;C:\Program Files\nodejs;C:\swdtools\jdk8\bin;C:\swdtools\apache-maven-3.5.3\bin;C:\Users\srsan\AppData\Local\Microsoft\WindowsApps;GRADLE_HOME\bin;C:\swdtools\gradle-4.8\bin;;."/>
    <property name="java.vm.info" value="mixed mode"/>
    <property name="java.vendor" value="Oracle Corporation"/>
    <property name="java.vm.version" value="25.162-b12"/>
    <property name="java.ext.dirs" value="C:\swdtools\jdk8\jre\lib\ext;C:\WINDOWS\Sun\Java\lib\ext"/>
    <property name="sun.io.unicode.encoding" value="UnicodeLittle"/>
    <property name="java.class.version" value="52.0"/>
  </properties>
  <testcase name="shouldAnswerWithTrue" classname="com.app.testingexamples.AppTest" time="0.012"/>
</testsuite>